<?xml version="1.0" encoding="UTF-8"?>
<!-- Generated by org.testng.reporters.JUnitReportReporter -->
<testsuite hostname="IN-PG02NJQN" failures="0" tests="1" name="jenkinsMavenIntegration.SampleTestCase" time="5.730" errors="0" timestamp="2023-10-04T17:28:22 IST" skipped="0">
  <testcase classname="jenkinsMavenIntegration.SampleTestCase" name="lauchBrowser" time="5.730"/>
  <system-out/>
</testsuite> <!-- jenkinsMavenIntegration.SampleTestCase -->
